#
# There is insufficient memory for the Java Runtime Environment to continue.
# Native memory allocation (malloc) failed to allocate 1010256 bytes for Chunk::new
# Possible reasons:
#   The system is out of physical RAM or swap space
#   The process is running with CompressedOops enabled, and the Java Heap may be blocking the growth of the native heap
# Possible solutions:
#   Reduce memory load on the system
#   Increase physical memory or swap space
#   Check if swap backing store is full
#   Decrease Java heap size (-Xmx/-Xms)
#   Decrease number of Java threads
#   Decrease Java thread stack sizes (-Xss)
#   Set larger code cache with -XX:ReservedCodeCacheSize=
#   JVM is running with Unscaled Compressed Oops mode in which the Java heap is
#     placed in the first 4GB address space. The Java Heap base address is the
#     maximum limit for the native heap growth. Please use -XX:HeapBaseMinAddress
#     to set the Java Heap base and to place the Java Heap above 4GB virtual address.
# This output file may be truncated or incomplete.
#
#  Out of Memory Error (allocation.cpp:389), pid=25648, tid=0x00000000000050a0
#
# JRE version: OpenJDK Runtime Environment (8.0_212-b04) (build 1.8.0_212-release-1586-b04)
# Java VM: OpenJDK 64-Bit Server VM (25.212-b04 mixed mode windows-amd64 compressed oops)
# Failed to write core dump. Minidumps are not enabled by default on client versions of Windows
#

---------------  T H R E A D  ---------------

Current thread (0x000000001904f000):  JavaThread "C2 CompilerThread1" daemon [_thread_in_native, id=20640, stack(0x0000000019a20000,0x0000000019b20000)]

Stack: [0x0000000019a20000,0x0000000019b20000]
[error occurred during error reporting (printing stack bounds), id 0xc0000005]

Native frames: (J=compiled Java code, j=interpreted, Vv=VM code, C=native code)


Current CompileTask:
C2: 555260 11253       4       com.android.utils.XmlUtils::append (639 bytes)


---------------  P R O C E S S  ---------------

Java Threads: ( => current thread )
  0x000000001d867800 JavaThread "WorkerExecutor Queue" [_thread_blocked, id=26144, stack(0x0000000029690000,0x0000000029790000)]
  0x000000001d86d800 JavaThread "Cache worker for execution history cache (C:\Users\55020\OneDrive\desktop\CISC325\FitnessApp\.gradle\5.4.1\executionHistory)" [_thread_blocked, id=14940, stack(0x0000000029590000,0x0000000029690000)]
  0x000000001d866000 JavaThread "Execution worker for ':' Thread 7" [_thread_in_native, id=12104, stack(0x0000000029490000,0x0000000029590000)]
  0x000000001d86b000 JavaThread "Execution worker for ':' Thread 6" [_thread_blocked, id=25708, stack(0x0000000029390000,0x0000000029490000)]
  0x000000001d869000 JavaThread "Execution worker for ':' Thread 5" [_thread_blocked, id=8308, stack(0x0000000029290000,0x0000000029390000)]
  0x000000001d86c800 JavaThread "Execution worker for ':' Thread 4" [_thread_blocked, id=27072, stack(0x0000000029190000,0x0000000029290000)]
  0x000000001d869800 JavaThread "Execution worker for ':' Thread 3" [_thread_blocked, id=16788, stack(0x0000000029090000,0x0000000029190000)]
  0x000000001d868000 JavaThread "Execution worker for ':' Thread 2" [_thread_blocked, id=16224, stack(0x0000000028f90000,0x0000000029090000)]
  0x000000001d865000 JavaThread "Execution worker for ':'" [_thread_blocked, id=4780, stack(0x0000000028e90000,0x0000000028f90000)]
  0x000000001d86a800 JavaThread "Cache worker for file content cache (C:\Users\55020\OneDrive\desktop\CISC325\FitnessApp\.gradle\5.4.1\fileContent)" [_thread_blocked, id=26572, stack(0x0000000028d90000,0x0000000028e90000)]
  0x000000001d86c000 JavaThread "Cache worker for file content cache (C:\Users\55020\.gradle\caches\5.4.1\fileContent)" [_thread_blocked, id=14200, stack(0x0000000028c90000,0x0000000028d90000)]
  0x000000002222f800 JavaThread "Cache worker for Build Output Cleanup Cache (C:\Users\55020\OneDrive\desktop\CISC325\FitnessApp\.gradle\buildOutputCleanup)" [_thread_blocked, id=21988, stack(0x0000000028b90000,0x0000000028c90000)]
  0x000000002222e800 JavaThread "Build operations Thread 8" [_thread_blocked, id=24124, stack(0x0000000028a90000,0x0000000028b90000)]
  0x000000002222e000 JavaThread "Build operations Thread 7" [_thread_blocked, id=2772, stack(0x0000000028990000,0x0000000028a90000)]
  0x0000000022231000 JavaThread "Build operations Thread 6" [_thread_blocked, id=15932, stack(0x0000000028890000,0x0000000028990000)]
  0x000000002222d000 JavaThread "Build operations Thread 5" [_thread_blocked, id=11592, stack(0x0000000028790000,0x0000000028890000)]
  0x000000002222c800 JavaThread "Build operations Thread 4" [_thread_blocked, id=19216, stack(0x0000000028690000,0x0000000028790000)]
  0x0000000022230000 JavaThread "Build operations Thread 3" [_thread_blocked, id=25524, stack(0x0000000028590000,0x0000000028690000)]
  0x0000000022226800 JavaThread "Build operations Thread 2" [_thread_blocked, id=16228, stack(0x0000000028490000,0x0000000028590000)]
  0x000000002222b800 JavaThread "Build operations" [_thread_blocked, id=22308, stack(0x0000000028390000,0x0000000028490000)]
  0x000000002222b000 JavaThread "Cache worker for cache directory md-rule (C:\Users\55020\.gradle\caches\5.4.1\md-rule)" [_thread_blocked, id=24712, stack(0x0000000028290000,0x0000000028390000)]
  0x000000002222a000 JavaThread "Cache worker for cache directory md-supplier (C:\Users\55020\.gradle\caches\5.4.1\md-supplier)" [_thread_blocked, id=16628, stack(0x0000000028190000,0x0000000028290000)]
  0x0000000022223000 JavaThread "Cache worker for file hash cache (C:\Users\55020\OneDrive\desktop\CISC325\FitnessApp\.gradle\5.4.1\fileHashes)" [_thread_blocked, id=22400, stack(0x0000000028090000,0x0000000028190000)]
  0x0000000022222800 JavaThread "Thread-49" [_thread_blocked, id=14756, stack(0x0000000027f90000,0x0000000028090000)]
  0x0000000022229800 JavaThread "Stdin handler" [_thread_blocked, id=21184, stack(0x0000000027e90000,0x0000000027f90000)]
  0x0000000022228800 JavaThread "Asynchronous log dispatcher for DefaultDaemonConnection: socket connection from /127.0.0.1:64911 to /127.0.0.1:49367" [_thread_blocked, id=16736, stack(0x0000000027d90000,0x0000000027e90000)]
  0x0000000022221800 JavaThread "Daemon worker Thread 3" [_thread_blocked, id=10260, stack(0x0000000027c90000,0x0000000027d90000)]
  0x0000000022225800 JavaThread "Cancel handler" [_thread_blocked, id=25124, stack(0x0000000027b90000,0x0000000027c90000)]
  0x0000000022224800 JavaThread "Handler for socket connection from /127.0.0.1:64911 to /127.0.0.1:49367" [_thread_in_native, id=6852, stack(0x0000000027a90000,0x0000000027b90000)]
  0x0000000022227000 JavaThread "Daemon Thread 3" [_thread_blocked, id=23192, stack(0x0000000027990000,0x0000000027a90000)]
  0x000000001ca84800 JavaThread "Memory manager" [_thread_blocked, id=14300, stack(0x0000000026a90000,0x0000000026b90000)]
  0x000000001ca87800 JavaThread "Cache worker for execution history cache (C:\Users\55020\.gradle\caches\5.4.1\executionHistory)" [_thread_blocked, id=6192, stack(0x0000000023470000,0x0000000023570000)]
  0x000000001ca88000 JavaThread "Cache worker for journal cache (C:\Users\55020\.gradle\caches\journal-1)" [_thread_blocked, id=19596, stack(0x000000001dc40000,0x000000001dd40000)]
  0x000000001ca85000 JavaThread "File lock request listener" [_thread_in_native, id=232, stack(0x000000001db40000,0x000000001dc40000)]
  0x000000001b336000 JavaThread "Cache worker for file hash cache (C:\Users\55020\.gradle\caches\5.4.1\fileHashes)" [_thread_blocked, id=22520, stack(0x000000001da40000,0x000000001db40000)]
  0x000000001916c800 JavaThread "Daemon periodic checks" [_thread_blocked, id=15532, stack(0x000000001bf70000,0x000000001c070000)]
  0x000000001a1cf800 JavaThread "Incoming local TCP Connector on port 64911" [_thread_in_native, id=13200, stack(0x000000001bd30000,0x000000001be30000)]
  0x000000001b5a6000 JavaThread "Daemon health stats" [_thread_blocked, id=17384, stack(0x000000001b6f0000,0x000000001b7f0000)]
  0x00000000190f3800 JavaThread "Service Thread" daemon [_thread_blocked, id=8908, stack(0x0000000019d20000,0x0000000019e20000)]
  0x0000000019062000 JavaThread "C1 CompilerThread3" daemon [_thread_blocked, id=26696, stack(0x0000000019c20000,0x0000000019d20000)]
  0x000000001905f000 JavaThread "C2 CompilerThread2" daemon [_thread_blocked, id=11832, stack(0x0000000019b20000,0x0000000019c20000)]
=>0x000000001904f000 JavaThread "C2 CompilerThread1" daemon [_thread_in_native, id=20640, stack(0x0000000019a20000,0x0000000019b20000)]
  0x000000001904c000 JavaThread "C2 CompilerThread0" daemon [_thread_in_native, id=10384, stack(0x0000000019920000,0x0000000019a20000)]
  0x0000000019056800 JavaThread "Attach Listener" daemon [_thread_blocked, id=23508, stack(0x0000000019820000,0x0000000019920000)]
  0x0000000019055000 JavaThread "Signal Dispatcher" daemon [_thread_blocked, id=25504, stack(0x0000000019720000,0x0000000019820000)]
  0x000000000347e000 JavaThread "Finalizer" daemon [_thread_blocked, id=14960, stack(0x0000000019520000,0x0000000019620000)]
  0x0000000003475800 JavaThread "Reference Handler" daemon [_thread_blocked, id=14556, stack(0x0000000019420000,0x0000000019520000)]
  0x000000000337d800 JavaThread "main" [_thread_blocked, id=11516, stack(0x00000000031a0000,0x00000000032a0000)]

Other Threads:
  0x0000000017237000 VMThread [stack: 0x0000000018f20000,0x0000000019020000] [id=8804]
  0x00000000190f4800 WatcherThread [stack: 0x0000000019e20000,0x0000000019f20000] [id=25968]

VM state:not at safepoint (normal execution)

VM Mutex/Monitor currently owned by a thread: None

heap address: 0x00000000a0000000, size: 1536 MB, Compressed Oops mode: 32-bit
Narrow klass base: 0x0000000000000000, Narrow klass shift: 3
Compressed class space size: 1073741824 Address: 0x0000000100000000

Heap:
 PSYoungGen      total 137216K, used 79497K [0x00000000e0000000, 0x00000000eaf00000, 0x0000000100000000)
  eden space 113152K, 49% used [0x00000000e0000000,0x00000000e3627ec8,0x00000000e6e80000)
  from space 24064K, 99% used [0x00000000e8b00000,0x00000000ea27a900,0x00000000ea280000)
  to   space 29184K, 0% used [0x00000000e6e80000,0x00000000e6e80000,0x00000000e8b00000)
 ParOldGen       total 152064K, used 47222K [0x00000000a0000000, 0x00000000a9480000, 0x00000000e0000000)
  object space 152064K, 31% used [0x00000000a0000000,0x00000000a2e1da68,0x00000000a9480000)
 Metaspace       used 80196K, capacity 83678K, committed 83880K, reserved 1122304K
  class space    used 10435K, capacity 11176K, committed 11176K, reserved 1048576K

Card table byte_map: [0x0000000012840000,0x0000000012b50000] byte_map_base: 0x0000000012340000

Marking Bits: (ParMarkBitMap*) 0x000000005ef69f30
 Begin Bits: [0x0000000013550000, 0x0000000014d50000)
 End Bits:   [0x0000000014d50000, 0x0000000016550000)

Polling page: 0x0000000001950000

CodeCache: size=245760Kb used=33332Kb max_used=33341Kb free=212428Kb
 bounds [0x0000000003480000, 0x0000000005540000, 0x0000000012480000]
 total_blobs=10682 nmethods=9817 adapters=777
 compilation: enabled

Compilation events (10 events):
Event: 555.189 Thread 0x0000000019062000 nmethod 11298 0x0000000005530090 code [0x0000000005530200, 0x0000000005530408]
Event: 555.189 Thread 0x0000000019062000 11299       3       com.sun.org.apache.xerces.internal.dom.CoreDocumentImpl::insertBefore (123 bytes)
Event: 555.189 Thread 0x000000001905f000 nmethod 11296 0x000000000552e5d0 code [0x000000000552e720, 0x000000000552e9b8]
Event: 555.190 Thread 0x0000000019062000 nmethod 11299 0x000000000552f050 code [0x000000000552f240, 0x000000000552fde8]
Event: 555.192 Thread 0x0000000019062000 11300       1       com.google.common.cache.LocalCache$1::get (2 bytes)
Event: 555.192 Thread 0x0000000019062000 nmethod 11300 0x000000000552ed90 code [0x000000000552eee0, 0x000000000552eff0]
Event: 555.195 Thread 0x000000001905f000 11301       4       com.sun.org.apache.xerces.internal.dom.AttrImpl::getNodeValue (5 bytes)
Event: 555.196 Thread 0x000000001905f000 nmethod 11301 0x00000000055304d0 code [0x0000000005530620, 0x0000000005530738]
Event: 555.203 Thread 0x0000000019062000 11302       3       java.util.HashMap::put (13 bytes)
Event: 555.203 Thread 0x0000000019062000 nmethod 11302 0x000000000552df50 code [0x000000000552e0e0, 0x000000000552e498]

GC Heap History (10 events):
Event: 441.753 GC heap before
{Heap before GC invocations=19 (full 3):
 PSYoungGen      total 92672K, used 75776K [0x00000000e0000000, 0x00000000e7a80000, 0x0000000100000000)
  eden space 75776K, 100% used [0x00000000e0000000,0x00000000e4a00000,0x00000000e4a00000)
  from space 16896K, 0% used [0x00000000e4a00000,0x00000000e4a00000,0x00000000e5a80000)
  to   space 16896K, 0% used [0x00000000e6a00000,0x00000000e6a00000,0x00000000e7a80000)
 ParOldGen       total 152064K, used 36593K [0x00000000a0000000, 0x00000000a9480000, 0x00000000e0000000)
  object space 152064K, 24% used [0x00000000a0000000,0x00000000a23bc450,0x00000000a9480000)
 Metaspace       used 61539K, capacity 63590K, committed 63784K, reserved 1103872K
  class space    used 8250K, capacity 8717K, committed 8744K, reserved 1048576K
Event: 441.759 GC heap after
Heap after GC invocations=19 (full 3):
 PSYoungGen      total 109056K, used 6323K [0x00000000e0000000, 0x00000000e7c00000, 0x0000000100000000)
  eden space 92160K, 0% used [0x00000000e0000000,0x00000000e0000000,0x00000000e5a00000)
  from space 16896K, 37% used [0x00000000e6a00000,0x00000000e702ce10,0x00000000e7a80000)
  to   space 16384K, 0% used [0x00000000e5a00000,0x00000000e5a00000,0x00000000e6a00000)
 ParOldGen       total 152064K, used 36665K [0x00000000a0000000, 0x00000000a9480000, 0x00000000e0000000)
  object space 152064K, 24% used [0x00000000a0000000,0x00000000a23ce460,0x00000000a9480000)
 Metaspace       used 61539K, capacity 63590K, committed 63784K, reserved 1103872K
  class space    used 8250K, capacity 8717K, committed 8744K, reserved 1048576K
}
Event: 442.649 GC heap before
{Heap before GC invocations=20 (full 3):
 PSYoungGen      total 109056K, used 98483K [0x00000000e0000000, 0x00000000e7c00000, 0x0000000100000000)
  eden space 92160K, 100% used [0x00000000e0000000,0x00000000e5a00000,0x00000000e5a00000)
  from space 16896K, 37% used [0x00000000e6a00000,0x00000000e702ce10,0x00000000e7a80000)
  to   space 16384K, 0% used [0x00000000e5a00000,0x00000000e5a00000,0x00000000e6a00000)
 ParOldGen       total 152064K, used 36665K [0x00000000a0000000, 0x00000000a9480000, 0x00000000e0000000)
  object space 152064K, 24% used [0x00000000a0000000,0x00000000a23ce460,0x00000000a9480000)
 Metaspace       used 65466K, capacity 67612K, committed 67752K, reserved 1107968K
  class space    used 8802K, capacity 9310K, committed 9384K, reserved 1048576K
Event: 442.657 GC heap after
Heap after GC invocations=20 (full 3):
 PSYoungGen      total 108544K, used 12231K [0x00000000e0000000, 0x00000000e8980000, 0x0000000100000000)
  eden space 92160K, 0% used [0x00000000e0000000,0x00000000e0000000,0x00000000e5a00000)
  from space 16384K, 74% used [0x00000000e5a00000,0x00000000e65f1c38,0x00000000e6a00000)
  to   space 16896K, 0% used [0x00000000e7900000,0x00000000e7900000,0x00000000e8980000)
 ParOldGen       total 152064K, used 36673K [0x00000000a0000000, 0x00000000a9480000, 0x00000000e0000000)
  object space 152064K, 24% used [0x00000000a0000000,0x00000000a23d0460,0x00000000a9480000)
 Metaspace       used 65466K, capacity 67612K, committed 67752K, reserved 1107968K
  class space    used 8802K, capacity 9310K, committed 9384K, reserved 1048576K
}
Event: 444.631 GC heap before
{Heap before GC invocations=21 (full 3):
 PSYoungGen      total 108544K, used 104391K [0x00000000e0000000, 0x00000000e8980000, 0x0000000100000000)
  eden space 92160K, 100% used [0x00000000e0000000,0x00000000e5a00000,0x00000000e5a00000)
  from space 16384K, 74% used [0x00000000e5a00000,0x00000000e65f1c38,0x00000000e6a00000)
  to   space 16896K, 0% used [0x00000000e7900000,0x00000000e7900000,0x00000000e8980000)
 ParOldGen       total 152064K, used 36673K [0x00000000a0000000, 0x00000000a9480000, 0x00000000e0000000)
  object space 152064K, 24% used [0x00000000a0000000,0x00000000a23d0460,0x00000000a9480000)
 Metaspace       used 69218K, capacity 71838K, committed 72104K, reserved 1112064K
  class space    used 9286K, capacity 9827K, committed 9896K, reserved 1048576K
Event: 444.642 GC heap after
Heap after GC invocations=21 (full 3):
 PSYoungGen      total 121856K, used 16121K [0x00000000e0000000, 0x00000000e8d00000, 0x0000000100000000)
  eden space 104960K, 0% used [0x00000000e0000000,0x00000000e0000000,0x00000000e6680000)
  from space 16896K, 95% used [0x00000000e7900000,0x00000000e88be658,0x00000000e8980000)
  to   space 18944K, 0% used [0x00000000e6680000,0x00000000e6680000,0x00000000e7900000)
 ParOldGen       total 152064K, used 36681K [0x00000000a0000000, 0x00000000a9480000, 0x00000000e0000000)
  object space 152064K, 24% used [0x00000000a0000000,0x00000000a23d2460,0x00000000a9480000)
 Metaspace       used 69218K, capacity 71838K, committed 72104K, reserved 1112064K
  class space    used 9286K, capacity 9827K, committed 9896K, reserved 1048576K
}
Event: 549.226 GC heap before
{Heap before GC invocations=22 (full 3):
 PSYoungGen      total 121856K, used 121081K [0x00000000e0000000, 0x00000000e8d00000, 0x0000000100000000)
  eden space 104960K, 100% used [0x00000000e0000000,0x00000000e6680000,0x00000000e6680000)
  from space 16896K, 95% used [0x00000000e7900000,0x00000000e88be658,0x00000000e8980000)
  to   space 18944K, 0% used [0x00000000e6680000,0x00000000e6680000,0x00000000e7900000)
 ParOldGen       total 152064K, used 36681K [0x00000000a0000000, 0x00000000a9480000, 0x00000000e0000000)
  object space 152064K, 24% used [0x00000000a0000000,0x00000000a23d2460,0x00000000a9480000)
 Metaspace       used 77018K, capacity 80308K, committed 80424K, reserved 1118208K
  class space    used 10096K, capacity 10787K, committed 10792K, reserved 1048576K
Event: 549.249 GC heap after
Heap after GC invocations=22 (full 3):
 PSYoungGen      total 123904K, used 18913K [0x00000000e0000000, 0x00000000ea280000, 0x0000000100000000)
  eden space 104960K, 0% used [0x00000000e0000000,0x00000000e0000000,0x00000000e6680000)
  from space 18944K, 99% used [0x00000000e6680000,0x00000000e78f84e0,0x00000000e7900000)
  to   space 24064K, 0% used [0x00000000e8b00000,0x00000000e8b00000,0x00000000ea280000)
 ParOldGen       total 152064K, used 43775K [0x00000000a0000000, 0x00000000a9480000, 0x00000000e0000000)
  object space 152064K, 28% used [0x00000000a0000000,0x00000000a2abfe78,0x00000000a9480000)
 Metaspace       used 77018K, capacity 80308K, committed 80424K, reserved 1118208K
  class space    used 10096K, capacity 10787K, committed 10792K, reserved 1048576K
}
Event: 552.786 GC heap before
{Heap before GC invocations=23 (full 3):
 PSYoungGen      total 123904K, used 123873K [0x00000000e0000000, 0x00000000ea280000, 0x0000000100000000)
  eden space 104960K, 100% used [0x00000000e0000000,0x00000000e6680000,0x00000000e6680000)
  from space 18944K, 99% used [0x00000000e6680000,0x00000000e78f84e0,0x00000000e7900000)
  to   space 24064K, 0% used [0x00000000e8b00000,0x00000000e8b00000,0x00000000ea280000)
 ParOldGen       total 152064K, used 43775K [0x00000000a0000000, 0x00000000a9480000, 0x00000000e0000000)
  object space 152064K, 28% used [0x00000000a0000000,0x00000000a2abfe78,0x00000000a9480000)
 Metaspace       used 79696K, capacity 83178K, committed 83368K, reserved 1122304K
  class space    used 10409K, capacity 11142K, committed 11176K, reserved 1048576K
Event: 552.834 GC heap after
Heap after GC invocations=23 (full 3):
 PSYoungGen      total 137216K, used 24042K [0x00000000e0000000, 0x00000000eaf00000, 0x0000000100000000)
  eden space 113152K, 0% used [0x00000000e0000000,0x00000000e0000000,0x00000000e6e80000)
  from space 24064K, 99% used [0x00000000e8b00000,0x00000000ea27a900,0x00000000ea280000)
  to   space 29184K, 0% used [0x00000000e6e80000,0x00000000e6e80000,0x00000000e8b00000)
 ParOldGen       total 152064K, used 47222K [0x00000000a0000000, 0x00000000a9480000, 0x00000000e0000000)
  object space 152064K, 31% used [0x00000000a0000000,0x00000000a2e1da68,0x00000000a9480000)
 Metaspace       used 79696K, capacity 83178K, committed 83368K, reserved 1122304K
  class space    used 10409K, capacity 11142K, committed 11176K, reserved 1048576K
}

Deoptimization events (10 events):
Event: 554.984 Thread 0x000000001d866000 Uncommon trap: reason=class_check action=maybe_recompile pc=0x00000000054f62a0 method=com.sun.org.apache.xerces.internal.dom.NodeImpl.getUserData(Ljava/lang/String;)Ljava/lang/Object; @ 1
Event: 554.984 Thread 0x000000001d866000 Uncommon trap: reason=class_check action=maybe_recompile pc=0x00000000054f62a0 method=com.sun.org.apache.xerces.internal.dom.NodeImpl.getUserData(Ljava/lang/String;)Ljava/lang/Object; @ 1
Event: 554.985 Thread 0x000000001d866000 Uncommon trap: reason=unstable_if action=reinterpret pc=0x0000000003e11004 method=java.nio.charset.CharsetEncoder.encode(Ljava/nio/CharBuffer;Ljava/nio/ByteBuffer;Z)Ljava/nio/charset/CoderResult; @ 94
Event: 554.998 Thread 0x000000001d866000 Uncommon trap: reason=null_check action=make_not_entrant pc=0x00000000054e23c8 method=com.android.ide.common.resources.NodeUtils.processSingleNodeNamespace(Lorg/w3c/dom/Node;Lorg/w3c/dom/Document;)Z @ 8
Event: 554.998 Thread 0x000000001d866000 Uncommon trap: reason=bimorphic action=maybe_recompile pc=0x00000000053d6c24 method=com.sun.org.apache.xerces.internal.dom.AttributeMap.setNamedItem(Lorg/w3c/dom/Node;)Lorg/w3c/dom/Node; @ 4
Event: 554.999 Thread 0x000000001d866000 Uncommon trap: reason=class_check action=maybe_recompile pc=0x00000000054f62a0 method=com.sun.org.apache.xerces.internal.dom.NodeImpl.getUserData(Ljava/lang/String;)Ljava/lang/Object; @ 1
Event: 554.999 Thread 0x000000001d866000 Uncommon trap: reason=class_check action=maybe_recompile pc=0x00000000054f62a0 method=com.sun.org.apache.xerces.internal.dom.NodeImpl.getUserData(Ljava/lang/String;)Ljava/lang/Object; @ 1
Event: 555.001 Thread 0x000000001d866000 Uncommon trap: reason=bimorphic action=maybe_recompile pc=0x00000000053d6c24 method=com.sun.org.apache.xerces.internal.dom.AttributeMap.setNamedItem(Lorg/w3c/dom/Node;)Lorg/w3c/dom/Node; @ 4
Event: 555.050 Thread 0x000000001d866000 Uncommon trap: reason=null_check action=make_not_entrant pc=0x000000000551c344 method=com.android.ide.common.resources.NodeUtils.processSingleNodeNamespace(Lorg/w3c/dom/Node;Lorg/w3c/dom/Document;)Z @ 8
Event: 555.195 Thread 0x000000001d866000 Uncommon trap: reason=unstable_if action=reinterpret pc=0x0000000003ae5aa4 method=java.util.HashMap.putVal(ILjava/lang/Object;Ljava/lang/Object;ZZ)Ljava/lang/Object; @ 162

Classes redefined (0 events):
No events

Internal exceptions (10 events):
Event: 549.871 Thread 0x000000002222b800 Exception <a 'sun/nio/fs/WindowsException'> (0x00000000e3da9478) thrown at [D:\src\AOSP-openjdk-cygwin\jdk8u\hotspot\src\share\vm\prims\jni.cpp, line 710]
Event: 549.871 Thread 0x000000002222b800 Exception <a 'sun/nio/fs/WindowsException'> (0x00000000e3daacc0) thrown at [D:\src\AOSP-openjdk-cygwin\jdk8u\hotspot\src\share\vm\prims\jni.cpp, line 710]
Event: 549.871 Thread 0x000000002222b800 Exception <a 'sun/nio/fs/WindowsException'> (0x00000000e3dabb28) thrown at [D:\src\AOSP-openjdk-cygwin\jdk8u\hotspot\src\share\vm\prims\jni.cpp, line 710]
Event: 549.961 Thread 0x000000001d869000 Exception <a 'java/lang/NoSuchMethodError': <clinit>> (0x00000000e40e9110) thrown at [D:\src\AOSP-openjdk-cygwin\jdk8u\hotspot\src\share\vm\prims\jni.cpp, line 1614]
Event: 549.961 Thread 0x000000001d869000 Exception <a 'java/lang/NoSuchMethodError': <clinit>> (0x00000000e40f98e0) thrown at [D:\src\AOSP-openjdk-cygwin\jdk8u\hotspot\src\share\vm\prims\jni.cpp, line 1614]
Event: 549.962 Thread 0x000000001d869000 Exception <a 'java/lang/NoSuchMethodError': <clinit>> (0x00000000e410dc10) thrown at [D:\src\AOSP-openjdk-cygwin\jdk8u\hotspot\src\share\vm\prims\jni.cpp, line 1614]
Event: 550.031 Thread 0x000000001d86b000 Exception <a 'sun/nio/fs/WindowsException'> (0x00000000e49b9dd8) thrown at [D:\src\AOSP-openjdk-cygwin\jdk8u\hotspot\src\share\vm\prims\jni.cpp, line 710]
Event: 552.965 Thread 0x000000001d867800 Exception <a 'sun/nio/fs/WindowsException'> (0x00000000e0068440) thrown at [D:\src\AOSP-openjdk-cygwin\jdk8u\hotspot\src\share\vm\prims\jni.cpp, line 710]
Event: 554.998 Thread 0x000000001d866000 Implicit null exception at 0x00000000054e2057 to 0x00000000054e23b9
Event: 555.050 Thread 0x000000001d866000 Implicit null exception at 0x000000000551a13f to 0x000000000551c329

Events (10 events):
Event: 555.019 Thread 0x000000001d866000 DEOPT PACKING pc=0x000000000550a473 sp=0x000000002958af50
Event: 555.020 Thread 0x000000001d866000 DEOPT UNPACKING pc=0x00000000034c75d0 sp=0x000000002958ad58 mode 0
Event: 555.037 Thread 0x000000001d866000 DEOPT PACKING pc=0x000000000550a473 sp=0x000000002958af50
Event: 555.037 Thread 0x000000001d866000 DEOPT UNPACKING pc=0x00000000034c75d0 sp=0x000000002958ad58 mode 0
Event: 555.050 Thread 0x000000001d866000 Uncommon trap: trap_request=0xfffffff4 fr.pc=0x000000000551c344
Event: 555.050 Thread 0x000000001d866000 DEOPT PACKING pc=0x000000000551c344 sp=0x000000002958b3d0
Event: 555.050 Thread 0x000000001d866000 DEOPT UNPACKING pc=0x00000000034c557b sp=0x000000002958b338 mode 2
Event: 555.195 Thread 0x000000001d866000 Uncommon trap: trap_request=0xffffff65 fr.pc=0x0000000003ae5aa4
Event: 555.195 Thread 0x000000001d866000 DEOPT PACKING pc=0x0000000003ae5aa4 sp=0x000000002958b010
Event: 555.195 Thread 0x000000001d866000 DEOPT UNPACKING pc=0x00000000034c557b sp=0x000000002958af00 mode 2


Dynamic libraries:
0x00007ff651240000 - 0x00007ff651271000 	C:\android\jre\bin\java.exe
0x00007ffa9aaf0000 - 0x00007ffa9acdd000 	C:\windows\SYSTEM32\ntdll.dll
0x00007ffa99b80000 - 0x00007ffa99c33000 	C:\windows\System32\KERNEL32.DLL
0x00007ffa96bb0000 - 0x00007ffa96e43000 	C:\windows\System32\KERNELBASE.dll
0x00007ffa9a210000 - 0x00007ffa9a2b3000 	C:\windows\System32\ADVAPI32.dll
0x00007ffa9a2c0000 - 0x00007ffa9a35e000 	C:\windows\System32\msvcrt.dll
0x00007ffa99750000 - 0x00007ffa997ee000 	C:\windows\System32\sechost.dll
0x00007ffa98120000 - 0x00007ffa98242000 	C:\windows\System32\RPCRT4.dll
0x00007ffa9a070000 - 0x00007ffa9a207000 	C:\windows\System32\USER32.dll
0x00007ffa970e0000 - 0x00007ffa97100000 	C:\windows\System32\win32u.dll
0x00007ffa99c50000 - 0x00007ffa99c79000 	C:\windows\System32\GDI32.dll
0x00007ffa97100000 - 0x00007ffa97299000 	C:\windows\System32\gdi32full.dll
0x00007ffa97a10000 - 0x00007ffa97ab0000 	C:\windows\System32\msvcp_win.dll
0x00007ffa96e50000 - 0x00007ffa96f4a000 	C:\windows\System32\ucrtbase.dll
0x00007ffa6ffa0000 - 0x00007ffa70219000 	C:\windows\WinSxS\amd64_microsoft.windows.common-controls_6595b64144ccf1df_6.0.17763.737_none_05b6437c071e554b\COMCTL32.dll
0x00007ffa97d70000 - 0x00007ffa9809c000 	C:\windows\System32\combase.dll
0x00007ffa96f50000 - 0x00007ffa96fce000 	C:\windows\System32\bcryptPrimitives.dll
0x00007ffa997f0000 - 0x00007ffa9981e000 	C:\windows\System32\IMM32.DLL
0x000000005e6c0000 - 0x000000005e792000 	C:\android\jre\jre\bin\msvcr100.dll
0x000000005e7a0000 - 0x000000005efe6000 	C:\android\jre\jre\bin\server\jvm.dll
0x00007ffa99820000 - 0x00007ffa99828000 	C:\windows\System32\PSAPI.DLL
0x00007ffa7fd20000 - 0x00007ffa7fd29000 	C:\windows\SYSTEM32\WSOCK32.dll
0x00007ffa94270000 - 0x00007ffa94294000 	C:\windows\SYSTEM32\WINMM.dll
0x00007ffa8ca80000 - 0x00007ffa8ca8a000 	C:\windows\SYSTEM32\VERSION.dll
0x00007ffa99830000 - 0x00007ffa9989d000 	C:\windows\System32\WS2_32.dll
0x00007ffa94240000 - 0x00007ffa9426d000 	C:\windows\SYSTEM32\WINMMBASE.dll
0x00007ffa97ab0000 - 0x00007ffa97afa000 	C:\windows\System32\cfgmgr32.dll
0x00007ffa936b0000 - 0x00007ffa936bf000 	C:\android\jre\jre\bin\verify.dll
0x00007ffa88b60000 - 0x00007ffa88b89000 	C:\android\jre\jre\bin\java.dll
0x00007ffa8db90000 - 0x00007ffa8dba6000 	C:\android\jre\jre\bin\zip.dll
0x00007ffa98250000 - 0x00007ffa99742000 	C:\windows\System32\SHELL32.dll
0x00007ffa9a360000 - 0x00007ffa9a408000 	C:\windows\System32\shcore.dll
0x00007ffa972c0000 - 0x00007ffa97a0a000 	C:\windows\System32\windows.storage.dll
0x00007ffa96b00000 - 0x00007ffa96b24000 	C:\windows\System32\profapi.dll
0x00007ffa96b30000 - 0x00007ffa96b8d000 	C:\windows\System32\powrprof.dll
0x00007ffa99e90000 - 0x00007ffa99ee2000 	C:\windows\System32\shlwapi.dll
0x00007ffa96ae0000 - 0x00007ffa96af1000 	C:\windows\System32\kernel.appcore.dll
0x00007ffa972a0000 - 0x00007ffa972b7000 	C:\windows\System32\cryptsp.dll
0x00007ffa8d3b0000 - 0x00007ffa8d3ca000 	C:\android\jre\jre\bin\net.dll
0x00007ffa8a880000 - 0x00007ffa8aa57000 	C:\windows\SYSTEM32\urlmon.dll
0x00007ffa8a5d0000 - 0x00007ffa8a878000 	C:\windows\SYSTEM32\iertutil.dll
0x00007ffa96520000 - 0x00007ffa9652c000 	C:\windows\SYSTEM32\CRYPTBASE.DLL
0x00007ffa96350000 - 0x00007ffa963b7000 	C:\windows\system32\mswsock.dll
0x00007ffa8b800000 - 0x00007ffa8b813000 	C:\android\jre\jre\bin\nio.dll
0x00007ffa88a40000 - 0x00007ffa88a66000 	C:\Users\55020\.gradle\native\29\windows-amd64\native-platform.dll
0x00007ffa93460000 - 0x00007ffa9346d000 	C:\android\jre\jre\bin\management.dll
0x00007ffa95ed0000 - 0x00007ffa95f03000 	C:\windows\system32\rsaenh.dll
0x00007ffa97ce0000 - 0x00007ffa97d06000 	C:\windows\System32\bcrypt.dll
0x00007ffa969e0000 - 0x00007ffa96a08000 	C:\windows\SYSTEM32\USERENV.dll
0x00007ffa96070000 - 0x00007ffa960ad000 	C:\windows\SYSTEM32\IPHLPAPI.DLL
0x00007ffa99c40000 - 0x00007ffa99c48000 	C:\windows\System32\NSI.dll
0x00007ffa8bb20000 - 0x00007ffa8bb36000 	C:\windows\SYSTEM32\dhcpcsvc6.DLL
0x00007ffa8be60000 - 0x00007ffa8be7c000 	C:\windows\SYSTEM32\dhcpcsvc.DLL
0x00007ffa960b0000 - 0x00007ffa96176000 	C:\windows\SYSTEM32\DNSAPI.dll
0x00007ffa86440000 - 0x00007ffa86464000 	C:\android\jre\jre\bin\sunec.dll
0x00007ffa8af20000 - 0x00007ffa8af2a000 	C:\Windows\System32\rasadhlp.dll
0x00007ffa8acf0000 - 0x00007ffa8ad69000 	C:\windows\System32\fwpuclnt.dll
0x00007ffa936c0000 - 0x00007ffa936cb000 	C:\android\jre\jre\bin\sunmscapi.dll
0x00007ffa97b00000 - 0x00007ffa97cdb000 	C:\windows\System32\CRYPT32.dll
0x00007ffa96b90000 - 0x00007ffa96ba2000 	C:\windows\System32\MSASN1.dll

VM Arguments:
jvm_args: -Xmx1536m -Dfile.encoding=windows-1252 -Duser.country=US -Duser.language=en -Duser.variant 
java_command: org.gradle.launcher.daemon.bootstrap.GradleDaemon 5.4.1
java_class_path (initial): C:\Users\55020\.gradle\wrapper\dists\gradle-5.4.1-all\3221gyojl5jsh0helicew7rwx\gradle-5.4.1\lib\gradle-launcher-5.4.1.jar
Launcher Type: SUN_STANDARD

Environment Variables:
PATH=C:\windows\system32;C:\windows;C:\windows\System32\Wbem;C:\windows\System32\WindowsPowerShell\v1.0\;C:\windows\System32\OpenSSH\;C:\Java\jdk13\bin;C:\Git\cmd;C:\Program Files (x86)\PharosSystems\Core;C:\SysGCC\raspberry\bin;C:\Anaconda3;C:\Anaconda3\Library\mingw-w64\bin;C:\Anaconda3\Library\usr\bin;C:\Anaconda3\Library\bin;C:\Anaconda3\Scripts;C:\Python\Scripts\;C:\Python\;C:\Users\55020\AppData\Local\Microsoft\WindowsApps;C:\Program Files\Bandizip\;C:\PyCharm 2019.2.2\bin;;C:\SciTools\bin\pc-win64;C:\Microsoft VS Code\bin
USERNAME=55020
OS=Windows_NT
PROCESSOR_IDENTIFIER=Intel64 Family 6 Model 142 Stepping 10, GenuineIntel



---------------  S Y S T E M  ---------------

OS: Windows 10.0 , 64 bit Build 17763 (10.0.17763.475)

CPU:total 8 (initial active 8) (4 cores per cpu, 2 threads per core) family 6 model 142 stepping 10, cmov, cx8, fxsr, mmx, sse, sse2, sse3, ssse3, sse4.1, sse4.2, popcnt, avx, avx2, aes, clmul, erms, 3dnowpref, lzcnt, ht, tsc, tscinvbit, bmi1, bmi2, adx

Memory: 4k page, physical 8311804k(310396k free), swap 19731320k(192k free)

vm_info: OpenJDK 64-Bit Server VM (25.212-b04) for windows-amd64 JRE (1.8.0_212-release-1586-b04), built by "builder" with MS VC++ 10.0 (VS2010)

time: Wed Mar 25 23:15:39 2020
timezone: Eastern Daylight Time
elapsed time: 555 seconds (0d 0h 9m 15s)

